1711487003.936472 client started (769339): version 3.3a, socket /tmp/tmux-1000/default, protocol 8
1711487003.936510 on Linux 6.1.0-18-amd64 #1 SMP PREEMPT_DYNAMIC Debian 6.1.76-1 (2024-02-01)
1711487003.936516 using libevent 2.1.12-stable (poll); ncurses 6.3
1711487003.936536 flags are 0x10010000
1711487003.936540 socket is /tmp/tmux-1000/default
1711487003.936553 trying connect
1711487003.936631 add peer 0x55d9f9518870: 6 ((nil))
1711487003.936994 sending message 100 to peer 0x55d9f9518870 (4 bytes)
1711487003.937001 sending message 111 to peer 0x55d9f9518870 (8 bytes)
1711487003.937006 sending message 101 to peer 0x55d9f9518870 (14 bytes)
1711487003.937010 sending message 109 to peer 0x55d9f9518870 (4 bytes)
1711487003.937015 sending message 102 to peer 0x55d9f9518870 (11 bytes)
1711487003.937019 sending message 108 to peer 0x55d9f9518870 (23 bytes)
1711487003.937025 sending message 112 to peer 0x55d9f9518870 (70 bytes)
1711487003.937030 sending message 112 to peer 0x55d9f9518870 (5 bytes)
1711487003.937034 sending message 112 to peer 0x55d9f9518870 (5 bytes)
1711487003.937037 sending message 112 to peer 0x55d9f9518870 (6 bytes)
1711487003.937041 sending message 112 to peer 0x55d9f9518870 (6 bytes)
1711487003.937045 sending message 112 to peer 0x55d9f9518870 (11 bytes)
1711487003.937048 sending message 112 to peer 0x55d9f9518870 (10 bytes)
1711487003.937052 sending message 112 to peer 0x55d9f9518870 (13 bytes)
1711487003.937056 sending message 112 to peer 0x55d9f9518870 (13 bytes)
1711487003.937060 sending message 112 to peer 0x55d9f9518870 (18 bytes)
1711487003.937064 sending message 112 to peer 0x55d9f9518870 (11 bytes)
1711487003.937068 sending message 112 to peer 0x55d9f9518870 (10 bytes)
1711487003.937071 sending message 112 to peer 0x55d9f9518870 (15 bytes)
1711487003.937075 sending message 112 to peer 0x55d9f9518870 (21 bytes)
1711487003.937078 sending message 112 to peer 0x55d9f9518870 (13 bytes)
1711487003.937082 sending message 112 to peer 0x55d9f9518870 (7 bytes)
1711487003.937086 sending message 112 to peer 0x55d9f9518870 (13 bytes)
1711487003.937090 sending message 112 to peer 0x55d9f9518870 (7 bytes)
1711487003.937093 sending message 112 to peer 0x55d9f9518870 (13 bytes)
1711487003.937097 sending message 112 to peer 0x55d9f9518870 (9 bytes)
1711487003.937100 sending message 112 to peer 0x55d9f9518870 (21 bytes)
1711487003.937104 sending message 112 to peer 0x55d9f9518870 (13 bytes)
1711487003.937108 sending message 112 to peer 0x55d9f9518870 (8 bytes)
1711487003.937111 sending message 112 to peer 0x55d9f9518870 (12 bytes)
1711487003.937115 sending message 112 to peer 0x55d9f9518870 (13 bytes)
1711487003.937118 sending message 112 to peer 0x55d9f9518870 (9 bytes)
1711487003.937122 sending message 112 to peer 0x55d9f9518870 (9 bytes)
1711487003.937126 sending message 112 to peer 0x55d9f9518870 (12 bytes)
1711487003.937129 sending message 112 to peer 0x55d9f9518870 (8 bytes)
1711487003.937133 sending message 112 to peer 0x55d9f9518870 (8 bytes)
1711487003.937136 sending message 112 to peer 0x55d9f9518870 (7 bytes)
1711487003.937140 sending message 112 to peer 0x55d9f9518870 (7 bytes)
1711487003.937143 sending message 112 to peer 0x55d9f9518870 (9 bytes)
1711487003.937147 sending message 112 to peer 0x55d9f9518870 (13 bytes)
1711487003.937151 sending message 112 to peer 0x55d9f9518870 (6 bytes)
1711487003.937155 sending message 112 to peer 0x55d9f9518870 (9 bytes)
1711487003.937159 sending message 112 to peer 0x55d9f9518870 (15 bytes)
1711487003.937162 sending message 112 to peer 0x55d9f9518870 (13 bytes)
1711487003.937166 sending message 112 to peer 0x55d9f9518870 (12 bytes)
1711487003.937170 sending message 112 to peer 0x55d9f9518870 (8 bytes)
1711487003.937173 sending message 112 to peer 0x55d9f9518870 (14 bytes)
1711487003.937177 sending message 112 to peer 0x55d9f9518870 (11 bytes)
1711487003.937181 sending message 112 to peer 0x55d9f9518870 (9 bytes)
1711487003.937184 sending message 112 to peer 0x55d9f9518870 (10 bytes)
1711487003.937188 sending message 112 to peer 0x55d9f9518870 (10 bytes)
1711487003.937191 sending message 112 to peer 0x55d9f9518870 (10 bytes)
1711487003.937202 sending message 112 to peer 0x55d9f9518870 (10 bytes)
1711487003.937206 sending message 112 to peer 0x55d9f9518870 (11 bytes)
1711487003.937210 sending message 112 to peer 0x55d9f9518870 (12 bytes)
1711487003.937213 sending message 112 to peer 0x55d9f9518870 (12 bytes)
1711487003.937217 sending message 112 to peer 0x55d9f9518870 (12 bytes)
1711487003.937221 sending message 112 to peer 0x55d9f9518870 (12 bytes)
1711487003.937224 sending message 112 to peer 0x55d9f9518870 (12 bytes)
1711487003.937228 sending message 112 to peer 0x55d9f9518870 (11 bytes)
1711487003.937231 sending message 112 to peer 0x55d9f9518870 (11 bytes)
1711487003.937235 sending message 112 to peer 0x55d9f9518870 (12 bytes)
1711487003.937238 sending message 112 to peer 0x55d9f9518870 (12 bytes)
1711487003.937242 sending message 112 to peer 0x55d9f9518870 (12 bytes)
1711487003.937245 sending message 112 to peer 0x55d9f9518870 (12 bytes)
1711487003.937249 sending message 112 to peer 0x55d9f9518870 (12 bytes)
1711487003.937252 sending message 112 to peer 0x55d9f9518870 (10 bytes)
1711487003.937256 sending message 112 to peer 0x55d9f9518870 (12 bytes)
1711487003.937259 sending message 112 to peer 0x55d9f9518870 (13 bytes)
1711487003.937263 sending message 112 to peer 0x55d9f9518870 (13 bytes)
1711487003.937266 sending message 112 to peer 0x55d9f9518870 (13 bytes)
1711487003.937270 sending message 112 to peer 0x55d9f9518870 (13 bytes)
1711487003.937273 sending message 112 to peer 0x55d9f9518870 (13 bytes)
1711487003.937277 sending message 112 to peer 0x55d9f9518870 (8 bytes)
1711487003.937281 sending message 112 to peer 0x55d9f9518870 (11 bytes)
1711487003.937284 sending message 112 to peer 0x55d9f9518870 (11 bytes)
1711487003.937288 sending message 112 to peer 0x55d9f9518870 (11 bytes)
1711487003.937291 sending message 112 to peer 0x55d9f9518870 (12 bytes)
1711487003.937295 sending message 112 to peer 0x55d9f9518870 (12 bytes)
1711487003.937298 sending message 112 to peer 0x55d9f9518870 (12 bytes)
1711487003.937302 sending message 112 to peer 0x55d9f9518870 (12 bytes)
1711487003.937305 sending message 112 to peer 0x55d9f9518870 (13 bytes)
1711487003.937309 sending message 112 to peer 0x55d9f9518870 (13 bytes)
1711487003.937312 sending message 112 to peer 0x55d9f9518870 (13 bytes)
1711487003.937316 sending message 112 to peer 0x55d9f9518870 (8 bytes)
1711487003.937320 sending message 112 to peer 0x55d9f9518870 (13 bytes)
1711487003.937323 sending message 112 to peer 0x55d9f9518870 (13 bytes)
1711487003.937327 sending message 112 to peer 0x55d9f9518870 (13 bytes)
1711487003.937331 sending message 112 to peer 0x55d9f9518870 (13 bytes)
1711487003.937334 sending message 112 to peer 0x55d9f9518870 (13 bytes)
1711487003.937338 sending message 112 to peer 0x55d9f9518870 (12 bytes)
1711487003.937341 sending message 112 to peer 0x55d9f9518870 (12 bytes)
1711487003.937345 sending message 112 to peer 0x55d9f9518870 (12 bytes)
1711487003.937348 sending message 112 to peer 0x55d9f9518870 (12 bytes)
1711487003.937352 sending message 112 to peer 0x55d9f9518870 (13 bytes)
1711487003.937356 sending message 112 to peer 0x55d9f9518870 (8 bytes)
1711487003.937359 sending message 112 to peer 0x55d9f9518870 (13 bytes)
1711487003.937363 sending message 112 to peer 0x55d9f9518870 (13 bytes)
1711487003.937367 sending message 112 to peer 0x55d9f9518870 (13 bytes)
1711487003.937371 sending message 112 to peer 0x55d9f9518870 (13 bytes)
1711487003.937375 sending message 112 to peer 0x55d9f9518870 (13 bytes)
1711487003.937378 sending message 112 to peer 0x55d9f9518870 (13 bytes)
1711487003.937382 sending message 112 to peer 0x55d9f9518870 (13 bytes)
1711487003.937385 sending message 112 to peer 0x55d9f9518870 (12 bytes)
1711487003.937389 sending message 112 to peer 0x55d9f9518870 (12 bytes)
1711487003.937392 sending message 112 to peer 0x55d9f9518870 (12 bytes)
1711487003.937396 sending message 112 to peer 0x55d9f9518870 (8 bytes)
1711487003.937399 sending message 112 to peer 0x55d9f9518870 (12 bytes)
1711487003.937403 sending message 112 to peer 0x55d9f9518870 (13 bytes)
1711487003.937410 sending message 112 to peer 0x55d9f9518870 (13 bytes)
1711487003.937413 sending message 112 to peer 0x55d9f9518870 (13 bytes)
1711487003.937417 sending message 112 to peer 0x55d9f9518870 (13 bytes)
1711487003.937421 sending message 112 to peer 0x55d9f9518870 (13 bytes)
1711487003.937425 sending message 112 to peer 0x55d9f9518870 (13 bytes)
1711487003.937428 sending message 112 to peer 0x55d9f9518870 (13 bytes)
1711487003.937432 sending message 112 to peer 0x55d9f9518870 (13 bytes)
1711487003.937435 sending message 112 to peer 0x55d9f9518870 (12 bytes)
1711487003.937439 sending message 112 to peer 0x55d9f9518870 (10 bytes)
1711487003.937442 sending message 112 to peer 0x55d9f9518870 (12 bytes)
1711487003.937446 sending message 112 to peer 0x55d9f9518870 (12 bytes)
1711487003.937449 sending message 112 to peer 0x55d9f9518870 (12 bytes)
1711487003.937453 sending message 112 to peer 0x55d9f9518870 (13 bytes)
1711487003.937456 sending message 112 to peer 0x55d9f9518870 (13 bytes)
1711487003.937460 sending message 112 to peer 0x55d9f9518870 (13 bytes)
1711487003.937463 sending message 112 to peer 0x55d9f9518870 (13 bytes)
1711487003.937467 sending message 112 to peer 0x55d9f9518870 (13 bytes)
1711487003.937470 sending message 112 to peer 0x55d9f9518870 (13 bytes)
1711487003.937474 sending message 112 to peer 0x55d9f9518870 (13 bytes)
1711487003.937477 sending message 112 to peer 0x55d9f9518870 (10 bytes)
1711487003.937481 sending message 112 to peer 0x55d9f9518870 (13 bytes)
1711487003.937484 sending message 112 to peer 0x55d9f9518870 (12 bytes)
1711487003.937488 sending message 112 to peer 0x55d9f9518870 (12 bytes)
1711487003.937492 sending message 112 to peer 0x55d9f9518870 (12 bytes)
1711487003.937495 sending message 112 to peer 0x55d9f9518870 (10 bytes)
1711487003.937499 sending message 112 to peer 0x55d9f9518870 (10 bytes)
1711487003.937502 sending message 112 to peer 0x55d9f9518870 (10 bytes)
1711487003.937506 sending message 112 to peer 0x55d9f9518870 (12 bytes)
1711487003.937509 sending message 112 to peer 0x55d9f9518870 (13 bytes)
1711487003.937513 sending message 112 to peer 0x55d9f9518870 (13 bytes)
1711487003.937516 sending message 112 to peer 0x55d9f9518870 (13 bytes)
1711487003.937519 sending message 112 to peer 0x55d9f9518870 (13 bytes)
1711487003.937523 sending message 112 to peer 0x55d9f9518870 (13 bytes)
1711487003.937527 sending message 112 to peer 0x55d9f9518870 (11 bytes)
1711487003.937530 sending message 112 to peer 0x55d9f9518870 (11 bytes)
1711487003.937534 sending message 112 to peer 0x55d9f9518870 (12 bytes)
1711487003.937537 sending message 112 to peer 0x55d9f9518870 (12 bytes)
1711487003.937541 sending message 112 to peer 0x55d9f9518870 (12 bytes)
1711487003.937545 sending message 112 to peer 0x55d9f9518870 (12 bytes)
1711487003.937548 sending message 112 to peer 0x55d9f9518870 (12 bytes)
1711487003.937552 sending message 112 to peer 0x55d9f9518870 (11 bytes)
1711487003.937555 sending message 112 to peer 0x55d9f9518870 (12 bytes)
1711487003.937559 sending message 112 to peer 0x55d9f9518870 (12 bytes)
1711487003.937562 sending message 112 to peer 0x55d9f9518870 (13 bytes)
1711487003.937566 sending message 112 to peer 0x55d9f9518870 (13 bytes)
1711487003.937570 sending message 112 to peer 0x55d9f9518870 (13 bytes)
1711487003.937573 sending message 112 to peer 0x55d9f9518870 (13 bytes)
1711487003.937577 sending message 112 to peer 0x55d9f9518870 (13 bytes)
1711487003.937581 sending message 112 to peer 0x55d9f9518870 (10 bytes)
1711487003.937587 sending message 112 to peer 0x55d9f9518870 (9 bytes)
1711487003.937591 sending message 112 to peer 0x55d9f9518870 (12 bytes)
1711487003.937595 sending message 112 to peer 0x55d9f9518870 (13 bytes)
1711487003.937598 sending message 112 to peer 0x55d9f9518870 (13 bytes)
1711487003.937602 sending message 112 to peer 0x55d9f9518870 (13 bytes)
1711487003.937605 sending message 112 to peer 0x55d9f9518870 (13 bytes)
1711487003.937609 sending message 112 to peer 0x55d9f9518870 (13 bytes)
1711487003.937615 sending message 112 to peer 0x55d9f9518870 (9 bytes)
1711487003.937619 sending message 112 to peer 0x55d9f9518870 (12 bytes)
1711487003.937622 sending message 112 to peer 0x55d9f9518870 (13 bytes)
1711487003.937626 sending message 112 to peer 0x55d9f9518870 (13 bytes)
1711487003.937629 sending message 112 to peer 0x55d9f9518870 (13 bytes)
1711487003.937633 sending message 112 to peer 0x55d9f9518870 (13 bytes)
1711487003.937636 sending message 112 to peer 0x55d9f9518870 (13 bytes)
1711487003.937639 sending message 112 to peer 0x55d9f9518870 (11 bytes)
1711487003.937643 sending message 112 to peer 0x55d9f9518870 (12 bytes)
1711487003.937646 sending message 112 to peer 0x55d9f9518870 (13 bytes)
1711487003.937649 sending message 112 to peer 0x55d9f9518870 (13 bytes)
1711487003.937653 sending message 112 to peer 0x55d9f9518870 (13 bytes)
1711487003.937656 sending message 112 to peer 0x55d9f9518870 (13 bytes)
1711487003.937659 sending message 112 to peer 0x55d9f9518870 (13 bytes)
1711487003.937663 sending message 112 to peer 0x55d9f9518870 (11 bytes)
1711487003.937666 sending message 112 to peer 0x55d9f9518870 (12 bytes)
1711487003.937670 sending message 112 to peer 0x55d9f9518870 (12 bytes)
1711487003.937673 sending message 112 to peer 0x55d9f9518870 (12 bytes)
1711487003.937676 sending message 112 to peer 0x55d9f9518870 (12 bytes)
1711487003.937680 sending message 112 to peer 0x55d9f9518870 (12 bytes)
1711487003.937684 sending message 112 to peer 0x55d9f9518870 (21 bytes)
1711487003.937687 sending message 112 to peer 0x55d9f9518870 (12 bytes)
1711487003.937691 sending message 112 to peer 0x55d9f9518870 (9 bytes)
1711487003.937694 sending message 112 to peer 0x55d9f9518870 (6 bytes)
1711487003.937698 sending message 112 to peer 0x55d9f9518870 (13 bytes)
1711487003.937701 sending message 112 to peer 0x55d9f9518870 (8 bytes)
1711487003.937704 sending message 112 to peer 0x55d9f9518870 (15 bytes)
1711487003.937708 sending message 112 to peer 0x55d9f9518870 (13 bytes)
1711487003.937713 sending message 112 to peer 0x55d9f9518870 (9 bytes)
1711487003.937717 sending message 112 to peer 0x55d9f9518870 (70 bytes)
1711487003.937736 sending message 112 to peer 0x55d9f9518870 (69 bytes)
1711487003.937740 sending message 112 to peer 0x55d9f9518870 (10 bytes)
1711487003.937743 sending message 112 to peer 0x55d9f9518870 (10 bytes)
1711487003.937746 sending message 112 to peer 0x55d9f9518870 (8 bytes)
1711487003.937750 sending message 112 to peer 0x55d9f9518870 (15 bytes)
1711487003.937753 sending message 112 to peer 0x55d9f9518870 (13 bytes)
1711487003.937757 sending message 112 to peer 0x55d9f9518870 (10 bytes)
1711487003.937760 sending message 112 to peer 0x55d9f9518870 (10 bytes)
1711487003.937763 sending message 112 to peer 0x55d9f9518870 (17 bytes)
1711487003.937767 sending message 112 to peer 0x55d9f9518870 (10 bytes)
1711487003.937770 sending message 112 to peer 0x55d9f9518870 (13 bytes)
1711487003.937773 sending message 112 to peer 0x55d9f9518870 (9 bytes)
1711487003.937777 sending message 112 to peer 0x55d9f9518870 (5 bytes)
1711487003.937780 sending message 112 to peer 0x55d9f9518870 (15 bytes)
1711487003.937787 sending message 104 to peer 0x55d9f9518870 (0 bytes)
1711487003.937791 sending message 110 to peer 0x55d9f9518870 (0 bytes)
1711487003.937795 sending message 107 to peer 0x55d9f9518870 (4 bytes)
1711487003.937798 sending message 105 to peer 0x55d9f9518870 (20 bytes)
1711487003.937802 sending message 105 to peer 0x55d9f9518870 (54 bytes)
1711487003.937806 sending message 105 to peer 0x55d9f9518870 (22 bytes)
1711487003.937809 sending message 105 to peer 0x55d9f9518870 (11 bytes)
1711487003.937812 sending message 105 to peer 0x55d9f9518870 (17 bytes)
1711487003.937816 sending message 105 to peer 0x55d9f9518870 (21 bytes)
1711487003.937819 sending message 105 to peer 0x55d9f9518870 (44 bytes)
1711487003.937823 sending message 105 to peer 0x55d9f9518870 (23 bytes)
1711487003.937829 sending message 105 to peer 0x55d9f9518870 (86 bytes)
1711487003.937832 sending message 105 to peer 0x55d9f9518870 (32 bytes)
1711487003.937836 sending message 105 to peer 0x55d9f9518870 (28 bytes)
1711487003.937842 sending message 105 to peer 0x55d9f9518870 (17 bytes)
1711487003.937846 sending message 105 to peer 0x55d9f9518870 (17 bytes)
1711487003.937851 sending message 105 to peer 0x55d9f9518870 (18 bytes)
1711487003.937854 sending message 105 to peer 0x55d9f9518870 (27 bytes)
1711487003.937858 sending message 105 to peer 0x55d9f9518870 (24 bytes)
1711487003.937861 sending message 105 to peer 0x55d9f9518870 (23 bytes)
1711487003.937865 sending message 105 to peer 0x55d9f9518870 (21 bytes)
1711487003.937868 sending message 105 to peer 0x55d9f9518870 (20 bytes)
1711487003.937871 sending message 105 to peer 0x55d9f9518870 (14 bytes)
1711487003.937875 sending message 105 to peer 0x55d9f9518870 (52 bytes)
1711487003.937878 sending message 105 to peer 0x55d9f9518870 (16 bytes)
1711487003.937882 sending message 105 to peer 0x55d9f9518870 (25 bytes)
1711487003.937885 sending message 105 to peer 0x55d9f9518870 (61 bytes)
1711487003.937888 sending message 105 to peer 0x55d9f9518870 (24 bytes)
1711487003.937892 sending message 105 to peer 0x55d9f9518870 (253 bytes)
1711487003.937896 sending message 105 to peer 0x55d9f9518870 (27 bytes)
1711487003.937899 sending message 105 to peer 0x55d9f9518870 (19 bytes)
1711487003.937905 sending message 105 to peer 0x55d9f9518870 (18 bytes)
1711487003.937908 sending message 105 to peer 0x55d9f9518870 (76 bytes)
1711487003.937912 sending message 105 to peer 0x55d9f9518870 (19 bytes)
1711487003.937915 sending message 105 to peer 0x55d9f9518870 (8 bytes)
1711487003.937919 sending message 105 to peer 0x55d9f9518870 (27 bytes)
1711487003.937922 sending message 105 to peer 0x55d9f9518870 (41 bytes)
1711487003.937926 sending message 105 to peer 0x55d9f9518870 (38 bytes)
1711487003.937929 sending message 105 to peer 0x55d9f9518870 (19 bytes)
1711487003.937933 sending message 105 to peer 0x55d9f9518870 (22 bytes)
1711487003.937936 sending message 105 to peer 0x55d9f9518870 (19 bytes)
1711487003.937939 sending message 105 to peer 0x55d9f9518870 (18 bytes)
1711487003.937943 sending message 105 to peer 0x55d9f9518870 (26 bytes)
1711487003.937946 sending message 105 to peer 0x55d9f9518870 (37 bytes)
1711487003.937950 sending message 105 to peer 0x55d9f9518870 (13 bytes)
1711487003.937953 sending message 105 to peer 0x55d9f9518870 (52 bytes)
1711487003.937956 sending message 105 to peer 0x55d9f9518870 (11 bytes)
1711487003.937962 sending message 105 to peer 0x55d9f9518870 (15 bytes)
1711487003.937965 sending message 105 to peer 0x55d9f9518870 (17 bytes)
1711487003.937969 sending message 105 to peer 0x55d9f9518870 (26 bytes)
1711487003.937972 sending message 105 to peer 0x55d9f9518870 (54 bytes)
1711487003.937976 sending message 105 to peer 0x55d9f9518870 (26 bytes)
1711487003.937979 sending message 105 to peer 0x55d9f9518870 (23 bytes)
1711487003.937982 sending message 105 to peer 0x55d9f9518870 (31 bytes)
1711487003.937986 sending message 105 to peer 0x55d9f9518870 (23 bytes)
1711487003.937989 sending message 105 to peer 0x55d9f9518870 (26 bytes)
1711487003.937993 sending message 105 to peer 0x55d9f9518870 (25 bytes)
1711487003.937996 sending message 105 to peer 0x55d9f9518870 (20 bytes)
1711487003.937999 sending message 105 to peer 0x55d9f9518870 (16 bytes)
1711487003.938003 sending message 105 to peer 0x55d9f9518870 (17 bytes)
1711487003.938006 sending message 105 to peer 0x55d9f9518870 (12 bytes)
1711487003.938010 sending message 106 to peer 0x55d9f9518870 (0 bytes)
1711487003.938071 sending message 200 to peer 0x55d9f9518870 (4 bytes)
1711487003.938075 client loop enter
1711487003.938922 peer 0x55d9f9518870 message 303
1711487003.938952 open write file 2 -
1711487003.938966 sending message 305 to peer 0x55d9f9518870 (8 bytes)
1711487003.938980 write check file 2
1711487003.939446 peer 0x55d9f9518870 message 304
1711487003.939464 write 58 to file 2
1711487003.939472 peer 0x55d9f9518870 message 203
1711487003.939477 file 2 58 bytes left
1711487003.939500 write check file 2
1711487003.939503 client loop exit
